<?xml version="1.0" encoding="UTF-8"?>
<!-- Generated by org.testng.reporters.JUnitReportReporter -->
<testsuite hostname="Kinnu-HP" name="Bank_Queries.Test_Login" tests="1" failures="0" timestamp="5 Dec 2019 00:48:37 GMT" time="21.945" errors="0">
  <testcase name="Login" time="21.945" classname="Bank_Queries.Test_Login"/>
</testsuite> <!-- Bank_Queries.Test_Login -->
